Performing C SOURCE FILE Test CMAKE_HAVE_LIBC_PTHREAD failed with the following output:
Change Dir: /localscratch/twinkler/MicMag2/src/build/CMakeFiles/CMakeTmp

Run Build Command(s):/usr/bin/make cmTC_d34fb/fast && /usr/bin/make -f CMakeFiles/cmTC_d34fb.dir/build.make CMakeFiles/cmTC_d34fb.dir/build
make[1]: Entering directory '/localscratch/twinkler/MicMag2/src/build/CMakeFiles/CMakeTmp'
Building C object CMakeFiles/cmTC_d34fb.dir/src.c.o
/usr/bin/cc   -fPIC -DCMAKE_HAVE_LIBC_PTHREAD   -o CMakeFiles/cmTC_d34fb.dir/src.c.o   -c /localscratch/twinkler/MicMag2/src/build/CMakeFiles/CMakeTmp/src.c
Linking C executable cmTC_d34fb
/usr/local/bin/cmake -E cmake_link_script CMakeFiles/cmTC_d34fb.dir/link.txt --verbose=1
/usr/bin/cc -fPIC -DCMAKE_HAVE_LIBC_PTHREAD    -rdynamic CMakeFiles/cmTC_d34fb.dir/src.c.o  -o cmTC_d34fb 
/usr/bin/ld: CMakeFiles/cmTC_d34fb.dir/src.c.o: in function `main':
src.c:(.text+0x2f): undefined reference to `pthread_create'
/usr/bin/ld: src.c:(.text+0x3b): undefined reference to `pthread_detach'
/usr/bin/ld: src.c:(.text+0x4c): undefined reference to `pthread_join'
collect2: error: ld returned 1 exit status
make[1]: *** [CMakeFiles/cmTC_d34fb.dir/build.make:87: cmTC_d34fb] Error 1
make[1]: Leaving directory '/localscratch/twinkler/MicMag2/src/build/CMakeFiles/CMakeTmp'
make: *** [Makefile:121: cmTC_d34fb/fast] Error 2


Source file was:
#include <pthread.h>

void* test_func(void* data)
{
  return data;
}

int main(void)
{
  pthread_t thread;
  pthread_create(&thread, NULL, test_func, NULL);
  pthread_detach(thread);
  pthread_join(thread, NULL);
  pthread_atfork(NULL, NULL, NULL);
  pthread_exit(NULL);

  return 0;
}

Determining if the function pthread_create exists in the pthreads failed with the following output:
Change Dir: /localscratch/twinkler/MicMag2/src/build/CMakeFiles/CMakeTmp

Run Build Command(s):/usr/bin/make cmTC_38b49/fast && /usr/bin/make -f CMakeFiles/cmTC_38b49.dir/build.make CMakeFiles/cmTC_38b49.dir/build
make[1]: Entering directory '/localscratch/twinkler/MicMag2/src/build/CMakeFiles/CMakeTmp'
Building C object CMakeFiles/cmTC_38b49.dir/CheckFunctionExists.c.o
/usr/bin/cc   -fPIC -DCHECK_FUNCTION_EXISTS=pthread_create   -o CMakeFiles/cmTC_38b49.dir/CheckFunctionExists.c.o   -c /usr/local/share/cmake-3.15/Modules/CheckFunctionExists.c
Linking C executable cmTC_38b49
/usr/local/bin/cmake -E cmake_link_script CMakeFiles/cmTC_38b49.dir/link.txt --verbose=1
/usr/bin/cc -fPIC -DCHECK_FUNCTION_EXISTS=pthread_create    -rdynamic CMakeFiles/cmTC_38b49.dir/CheckFunctionExists.c.o  -o cmTC_38b49 -lpthreads 
/usr/bin/ld: cannot find -lpthreads
collect2: error: ld returned 1 exit status
make[1]: *** [CMakeFiles/cmTC_38b49.dir/build.make:87: cmTC_38b49] Error 1
make[1]: Leaving directory '/localscratch/twinkler/MicMag2/src/build/CMakeFiles/CMakeTmp'
make: *** [Makefile:121: cmTC_38b49/fast] Error 2



